#
# There is insufficient memory for the Java Runtime Environment to continue.
# Native memory allocation (malloc) failed to allocate 1239776 bytes for Chunk::new
# Possible reasons:
#   The system is out of physical RAM or swap space
#   The process is running with CompressedOops enabled, and the Java Heap may be blocking the growth of the native heap
# Possible solutions:
#   Reduce memory load on the system
#   Increase physical memory or swap space
#   Check if swap backing store is full
#   Decrease Java heap size (-Xmx/-Xms)
#   Decrease number of Java threads
#   Decrease Java thread stack sizes (-Xss)
#   Set larger code cache with -XX:ReservedCodeCacheSize=
#   JVM is running with Zero Based Compressed Oops mode in which the Java heap is
#     placed in the first 32GB address space. The Java Heap base address is the
#     maximum limit for the native heap growth. Please use -XX:HeapBaseMinAddress
#     to set the Java Heap base and to place the Java Heap above 32GB virtual address.
# This output file may be truncated or incomplete.
#
#  Out of Memory Error (allocation.cpp:389), pid=57644, tid=0x000000000000ea9c
#
# JRE version: Java(TM) SE Runtime Environment (8.0_281-b09) (build 1.8.0_281-b09)
# Java VM: Java HotSpot(TM) 64-Bit Server VM (25.281-b09 mixed mode windows-amd64 compressed oops)
# Failed to write core dump. Minidumps are not enabled by default on client versions of Windows
#

---------------  T H R E A D  ---------------

Current thread (0x0000022fc3f41800):  JavaThread "C2 CompilerThread0" daemon [_thread_in_native, id=60060, stack(0x0000005fdab00000,0x0000005fdac00000)]

Stack: [0x0000005fdab00000,0x0000005fdac00000]
Native frames: (J=compiled Java code, j=interpreted, Vv=VM code, C=native code)
V  [jvm.dll+0x32e5b9]
V  [jvm.dll+0x275012]
V  [jvm.dll+0x275cbd]
V  [jvm.dll+0x26c6f5]
V  [jvm.dll+0xd51fc]
V  [jvm.dll+0xd59fc]
V  [jvm.dll+0x4523f2]
V  [jvm.dll+0x48d85d]
V  [jvm.dll+0x4423f1]
V  [jvm.dll+0x43f664]
V  [jvm.dll+0x42a5e7]
V  [jvm.dll+0xabe9b]
V  [jvm.dll+0xaa4fb]
V  [jvm.dll+0x23d6b2]
V  [jvm.dll+0x291cbc]
C  [ucrtbase.dll+0x21bb2]
C  [KERNEL32.DLL+0x17034]
C  [ntdll.dll+0x526a1]


Current CompileTask:
C2:   6083 3744       4       org.springframework.core.annotation.AnnotationsScanner::process (43 bytes)


---------------  P R O C E S S  ---------------

Java Threads: ( => current thread )
  0x0000022fc4e9d800 JavaThread "mysql-cj-abandoned-connection-cleanup" daemon [_thread_blocked, id=50796, stack(0x0000005fdb300000,0x0000005fdb400000)]
  0x0000022fc490c000 JavaThread "restartedMain" [_thread_in_vm, id=21848, stack(0x0000005fdb200000,0x0000005fdb300000)]
  0x0000022fc4aaf800 JavaThread "Thread-0" [_thread_blocked, id=4016, stack(0x0000005fdb100000,0x0000005fdb200000)]
  0x0000022fc3ff3800 JavaThread "Service Thread" daemon [_thread_blocked, id=57512, stack(0x0000005fdaf00000,0x0000005fdb000000)]
  0x0000022fc3f5d800 JavaThread "C1 CompilerThread3" daemon [_thread_blocked, id=10732, stack(0x0000005fdae00000,0x0000005fdaf00000)]
  0x0000022fc3f46000 JavaThread "C2 CompilerThread2" daemon [_thread_in_native, id=60040, stack(0x0000005fdad00000,0x0000005fdae00000)]
  0x0000022fc3f43800 JavaThread "C2 CompilerThread1" daemon [_thread_in_native, id=49452, stack(0x0000005fdac00000,0x0000005fdad00000)]
=>0x0000022fc3f41800 JavaThread "C2 CompilerThread0" daemon [_thread_in_native, id=60060, stack(0x0000005fdab00000,0x0000005fdac00000)]
  0x0000022fc3f01800 JavaThread "Monitor Ctrl-Break" daemon [_thread_in_native, id=60364, stack(0x0000005fdaa00000,0x0000005fdab00000)]
  0x0000022fc1d99800 JavaThread "Attach Listener" daemon [_thread_blocked, id=52568, stack(0x0000005fda900000,0x0000005fdaa00000)]
  0x0000022fc1daa000 JavaThread "Signal Dispatcher" daemon [_thread_blocked, id=56080, stack(0x0000005fda800000,0x0000005fda900000)]
  0x0000022fc1d86800 JavaThread "Finalizer" daemon [_thread_blocked, id=59660, stack(0x0000005fda700000,0x0000005fda800000)]
  0x0000022fa6f8e800 JavaThread "Reference Handler" daemon [_thread_blocked, id=51296, stack(0x0000005fda600000,0x0000005fda700000)]
  0x0000022fa6eef800 JavaThread "main" [_thread_blocked, id=60092, stack(0x0000005fd9c00000,0x0000005fd9d00000)]

Other Threads:
  0x0000022fc1d5f000 VMThread [stack: 0x0000005fda500000,0x0000005fda600000] [id=60192]
  0x0000022fc407e800 WatcherThread [stack: 0x0000005fdb000000,0x0000005fdb100000] [id=53900]

VM state:not at safepoint (normal execution)

VM Mutex/Monitor currently owned by a thread: None

heap address: 0x00000006c2600000, size: 4058 MB, Compressed Oops mode: Zero based, Oop shift amount: 3
Narrow klass base: 0x0000000000000000, Narrow klass shift: 3
Compressed class space size: 1073741824 Address: 0x00000007c0000000

Heap:
 PSYoungGen      total 160256K, used 16225K [0x000000076b780000, 0x0000000776900000, 0x00000007c0000000)
  eden space 146432K, 11% used [0x000000076b780000,0x000000076c7587c8,0x0000000774680000)
  from space 13824K, 0% used [0x0000000774680000,0x0000000774680000,0x0000000775400000)
  to   space 13824K, 0% used [0x0000000775400000,0x0000000775400000,0x0000000776180000)
 ParOldGen       total 105472K, used 14232K [0x00000006c2600000, 0x00000006c8d00000, 0x000000076b780000)
  object space 105472K, 13% used [0x00000006c2600000,0x00000006c33e60f0,0x00000006c8d00000)
 Metaspace       used 34939K, capacity 37194K, committed 37464K, reserved 1081344K
  class space    used 4526K, capacity 4955K, committed 4992K, reserved 1048576K

Card table byte_map: [0x0000022fb7cd0000,0x0000022fb84c0000] byte_map_base: 0x0000022fb46bd000

Marking Bits: (ParMarkBitMap*) 0x0000000074316ff0
 Begin Bits: [0x0000022fb8a10000, 0x0000022fbc978000)
 End Bits:   [0x0000022fbc978000, 0x0000022fc08e0000)

Polling page: 0x0000022fa88e0000

CodeCache: size=245760Kb used=13503Kb max_used=14506Kb free=232256Kb
 bounds [0x0000022fa8910000, 0x0000022fa9760000, 0x0000022fb7910000]
 total_blobs=3972 nmethods=3569 adapters=314
 compilation: enabled

Compilation events (10 events):
Event: 5.999 Thread 0x0000022fc3f5d800 3908   !   3       java.util.concurrent.CopyOnWriteArrayList::add (59 bytes)
Event: 6.000 Thread 0x0000022fc3f5d800 nmethod 3908 0x0000022fa8aec190 code [0x0000022fa8aec360, 0x0000022fa8aece60]
Event: 6.010 Thread 0x0000022fc3f5d800 3909       1       sun.util.locale.BaseLocale::getVariant (5 bytes)
Event: 6.010 Thread 0x0000022fc3f5d800 nmethod 3909 0x0000022fa8e65b50 code [0x0000022fa8e65ca0, 0x0000022fa8e65db8]
Event: 6.013 Thread 0x0000022fc3f43800 nmethod 3755 0x0000022fa90f2c10 code [0x0000022fa90f3220, 0x0000022fa90f7b10]
Event: 6.015 Thread 0x0000022fc3f43800 3896       4       org.springframework.core.annotation.AnnotationsScanner::getDeclaredAnnotations (166 bytes)
Event: 6.040 Thread 0x0000022fc3f5d800 3910       3       sun.misc.URLClassPath::access$000 (6 bytes)
Event: 6.040 Thread 0x0000022fc3f5d800 nmethod 3910 0x0000022fa8b38f10 code [0x0000022fa8b39080, 0x0000022fa8b391f0]
Event: 6.051 Thread 0x0000022fc3f5d800 3911       3       sun.reflect.AccessorGenerator::add (5 bytes)
Event: 6.052 Thread 0x0000022fc3f5d800 nmethod 3911 0x0000022fa9226390 code [0x0000022fa92264e0, 0x0000022fa9226638]

GC Heap History (10 events):
Event: 3.086 GC heap before
{Heap before GC invocations=7 (full 1):
 PSYoungGen      total 75776K, used 68298K [0x000000076b780000, 0x0000000773180000, 0x00000007c0000000)
  eden space 65024K, 100% used [0x000000076b780000,0x000000076f700000,0x000000076f700000)
  from space 10752K, 30% used [0x000000076f700000,0x000000076fa32af0,0x0000000770180000)
  to   space 12288K, 0% used [0x0000000772580000,0x0000000772580000,0x0000000773180000)
 ParOldGen       total 105472K, used 7652K [0x00000006c2600000, 0x00000006c8d00000, 0x000000076b780000)
  object space 105472K, 7% used [0x00000006c2600000,0x00000006c2d79248,0x00000006c8d00000)
 Metaspace       used 24025K, capacity 25252K, committed 25344K, reserved 1071104K
  class space    used 3013K, capacity 3278K, committed 3328K, reserved 1048576K
Event: 3.094 GC heap after
Heap after GC invocations=7 (full 1):
 PSYoungGen      total 108544K, used 6997K [0x000000076b780000, 0x0000000772e80000, 0x00000007c0000000)
  eden space 99328K, 0% used [0x000000076b780000,0x000000076b780000,0x0000000771880000)
  from space 9216K, 75% used [0x0000000772580000,0x0000000772c55748,0x0000000772e80000)
  to   space 11264K, 0% used [0x0000000771880000,0x0000000771880000,0x0000000772380000)
 ParOldGen       total 105472K, used 7660K [0x00000006c2600000, 0x00000006c8d00000, 0x000000076b780000)
  object space 105472K, 7% used [0x00000006c2600000,0x00000006c2d7b248,0x00000006c8d00000)
 Metaspace       used 24025K, capacity 25252K, committed 25344K, reserved 1071104K
  class space    used 3013K, capacity 3278K, committed 3328K, reserved 1048576K
}
Event: 5.303 GC heap before
{Heap before GC invocations=8 (full 1):
 PSYoungGen      total 108544K, used 106325K [0x000000076b780000, 0x0000000772e80000, 0x00000007c0000000)
  eden space 99328K, 100% used [0x000000076b780000,0x0000000771880000,0x0000000771880000)
  from space 9216K, 75% used [0x0000000772580000,0x0000000772c55748,0x0000000772e80000)
  to   space 11264K, 0% used [0x0000000771880000,0x0000000771880000,0x0000000772380000)
 ParOldGen       total 105472K, used 7660K [0x00000006c2600000, 0x00000006c8d00000, 0x000000076b780000)
  object space 105472K, 7% used [0x00000006c2600000,0x00000006c2d7b248,0x00000006c8d00000)
 Metaspace       used 31790K, capacity 33900K, committed 34048K, reserved 1079296K
  class space    used 4104K, capacity 4510K, committed 4608K, reserved 1048576K
Event: 5.313 GC heap after
Heap after GC invocations=8 (full 1):
 PSYoungGen      total 110592K, used 11251K [0x000000076b780000, 0x0000000776180000, 0x00000007c0000000)
  eden space 99328K, 0% used [0x000000076b780000,0x000000076b780000,0x0000000771880000)
  from space 11264K, 99% used [0x0000000771880000,0x000000077237ce70,0x0000000772380000)
  to   space 13824K, 0% used [0x0000000775400000,0x0000000775400000,0x0000000776180000)
 ParOldGen       total 105472K, used 9523K [0x00000006c2600000, 0x00000006c8d00000, 0x000000076b780000)
  object space 105472K, 9% used [0x00000006c2600000,0x00000006c2f4ce00,0x00000006c8d00000)
 Metaspace       used 31790K, capacity 33900K, committed 34048K, reserved 1079296K
  class space    used 4104K, capacity 4510K, committed 4608K, reserved 1048576K
}
Event: 5.620 GC heap before
{Heap before GC invocations=9 (full 1):
 PSYoungGen      total 110592K, used 110579K [0x000000076b780000, 0x0000000776180000, 0x00000007c0000000)
  eden space 99328K, 100% used [0x000000076b780000,0x0000000771880000,0x0000000771880000)
  from space 11264K, 99% used [0x0000000771880000,0x000000077237ce70,0x0000000772380000)
  to   space 13824K, 0% used [0x0000000775400000,0x0000000775400000,0x0000000776180000)
 ParOldGen       total 105472K, used 9523K [0x00000006c2600000, 0x00000006c8d00000, 0x000000076b780000)
  object space 105472K, 9% used [0x00000006c2600000,0x00000006c2f4ce00,0x00000006c8d00000)
 Metaspace       used 32851K, capacity 35076K, committed 35200K, reserved 1079296K
  class space    used 4238K, capacity 4642K, committed 4736K, reserved 1048576K
Event: 5.629 GC heap after
Heap after GC invocations=9 (full 1):
 PSYoungGen      total 160256K, used 9708K [0x000000076b780000, 0x0000000776900000, 0x00000007c0000000)
  eden space 146432K, 0% used [0x000000076b780000,0x000000076b780000,0x0000000774680000)
  from space 13824K, 70% used [0x0000000775400000,0x0000000775d7b330,0x0000000776180000)
  to   space 13824K, 0% used [0x0000000774680000,0x0000000774680000,0x0000000775400000)
 ParOldGen       total 105472K, used 9531K [0x00000006c2600000, 0x00000006c8d00000, 0x000000076b780000)
  object space 105472K, 9% used [0x00000006c2600000,0x00000006c2f4ee00,0x00000006c8d00000)
 Metaspace       used 32851K, capacity 35076K, committed 35200K, reserved 1079296K
  class space    used 4238K, capacity 4642K, committed 4736K, reserved 1048576K
}
Event: 5.735 GC heap before
{Heap before GC invocations=10 (full 1):
 PSYoungGen      total 160256K, used 18846K [0x000000076b780000, 0x0000000776900000, 0x00000007c0000000)
  eden space 146432K, 6% used [0x000000076b780000,0x000000076c06c7a0,0x0000000774680000)
  from space 13824K, 70% used [0x0000000775400000,0x0000000775d7b330,0x0000000776180000)
  to   space 13824K, 0% used [0x0000000774680000,0x0000000774680000,0x0000000775400000)
 ParOldGen       total 105472K, used 9531K [0x00000006c2600000, 0x00000006c8d00000, 0x000000076b780000)
  object space 105472K, 9% used [0x00000006c2600000,0x00000006c2f4ee00,0x00000006c8d00000)
 Metaspace       used 33142K, capacity 35364K, committed 35416K, reserved 1079296K
  class space    used 4289K, capacity 4716K, committed 4736K, reserved 1048576K
Event: 5.747 GC heap after
Heap after GC invocations=10 (full 1):
 PSYoungGen      total 160256K, used 8044K [0x000000076b780000, 0x0000000776900000, 0x00000007c0000000)
  eden space 146432K, 0% used [0x000000076b780000,0x000000076b780000,0x0000000774680000)
  from space 13824K, 58% used [0x0000000774680000,0x0000000774e5b0d8,0x0000000775400000)
  to   space 13824K, 0% used [0x0000000775400000,0x0000000775400000,0x0000000776180000)
 ParOldGen       total 105472K, used 10700K [0x00000006c2600000, 0x00000006c8d00000, 0x000000076b780000)
  object space 105472K, 10% used [0x00000006c2600000,0x00000006c30731e0,0x00000006c8d00000)
 Metaspace       used 33142K, capacity 35364K, committed 35416K, reserved 1079296K
  class space    used 4289K, capacity 4716K, committed 4736K, reserved 1048576K
}
Event: 5.747 GC heap before
{Heap before GC invocations=11 (full 2):
 PSYoungGen      total 160256K, used 8044K [0x000000076b780000, 0x0000000776900000, 0x00000007c0000000)
  eden space 146432K, 0% used [0x000000076b780000,0x000000076b780000,0x0000000774680000)
  from space 13824K, 58% used [0x0000000774680000,0x0000000774e5b0d8,0x0000000775400000)
  to   space 13824K, 0% used [0x0000000775400000,0x0000000775400000,0x0000000776180000)
 ParOldGen       total 105472K, used 10700K [0x00000006c2600000, 0x00000006c8d00000, 0x000000076b780000)
  object space 105472K, 10% used [0x00000006c2600000,0x00000006c30731e0,0x00000006c8d00000)
 Metaspace       used 33142K, capacity 35364K, committed 35416K, reserved 1079296K
  class space    used 4289K, capacity 4716K, committed 4736K, reserved 1048576K
Event: 5.800 GC heap after
Heap after GC invocations=11 (full 2):
 PSYoungGen      total 160256K, used 0K [0x000000076b780000, 0x0000000776900000, 0x00000007c0000000)
  eden space 146432K, 0% used [0x000000076b780000,0x000000076b780000,0x0000000774680000)
  from space 13824K, 0% used [0x0000000774680000,0x0000000774680000,0x0000000775400000)
  to   space 13824K, 0% used [0x0000000775400000,0x0000000775400000,0x0000000776180000)
 ParOldGen       total 105472K, used 14232K [0x00000006c2600000, 0x00000006c8d00000, 0x000000076b780000)
  object space 105472K, 13% used [0x00000006c2600000,0x00000006c33e60f0,0x00000006c8d00000)
 Metaspace       used 33142K, capacity 35364K, committed 35416K, reserved 1079296K
  class space    used 4289K, capacity 4716K, committed 4736K, reserved 1048576K
}

Deoptimization events (10 events):
Event: 5.670 Thread 0x0000022fc4e9d800 Uncommon trap: reason=unstable_if action=reinterpret pc=0x0000022fa8df41bc method=java.util.zip.ZipCoder.getBytes(Ljava/lang/String;)[B @ 32
Event: 5.671 Thread 0x0000022fc4e9d800 Uncommon trap: reason=unstable_if action=reinterpret pc=0x0000022fa969f1ac method=java.net.URLStreamHandler.parseURL(Ljava/net/URL;Ljava/lang/String;II)V @ 57
Event: 5.688 Thread 0x0000022fc490c000 Uncommon trap: reason=unstable_if action=reinterpret pc=0x0000022fa8c79a68 method=java.util.HashMap.putVal(ILjava/lang/Object;Ljava/lang/Object;ZZ)Ljava/lang/Object; @ 162
Event: 5.698 Thread 0x0000022fc490c000 Uncommon trap: reason=unstable_if action=reinterpret pc=0x0000022fa8deb784 method=java.util.HashMap.resize()[Ljava/util/HashMap$Node; @ 206
Event: 5.861 Thread 0x0000022fc490c000 Uncommon trap: reason=bimorphic action=maybe_recompile pc=0x0000022fa963875c method=java.util.regex.Pattern$BmpCharProperty.match(Ljava/util/regex/Matcher;ILjava/lang/CharSequence;)Z @ 31
Event: 5.861 Thread 0x0000022fc490c000 Uncommon trap: reason=bimorphic action=maybe_recompile pc=0x0000022fa928ef0c method=java.util.regex.Pattern$CharProperty.match(Ljava/util/regex/Matcher;ILjava/lang/CharSequence;)Z @ 18
Event: 5.861 Thread 0x0000022fc490c000 Uncommon trap: reason=unstable_if action=reinterpret pc=0x0000022fa928ee00 method=java.util.regex.Pattern$CharProperty.match(Ljava/util/regex/Matcher;ILjava/lang/CharSequence;)Z @ 21
Event: 5.861 Thread 0x0000022fc490c000 Uncommon trap: reason=unstable_if action=reinterpret pc=0x0000022fa9638640 method=java.util.regex.Pattern$BmpCharProperty.match(Ljava/util/regex/Matcher;ILjava/lang/CharSequence;)Z @ 5
Event: 5.918 Thread 0x0000022fc490c000 Uncommon trap: reason=null_check action=make_not_entrant pc=0x0000022fa92cf75c method=org.springframework.beans.factory.support.DefaultListableBeanFactory.getBeanDefinition(Ljava/lang/String;)Lorg/springframework/beans/factory/config/BeanDefinition; @ 10
Event: 5.942 Thread 0x0000022fc490c000 Uncommon trap: reason=unstable_if action=reinterpret pc=0x0000022fa974ed10 method=java.net.URL.<init>(Ljava/net/URL;Ljava/lang/String;Ljava/net/URLStreamHandler;)V @ 57

Classes redefined (0 events):
No events

Internal exceptions (10 events):
Event: 5.567 Thread 0x0000022fc490c000 Exception <a 'java/lang/ClassNotFoundException': org/springframework/beans/factory/AwareCustomizer> (0x00000007715ea620) thrown at [C:\jenkins\workspace\8-2-build-windows-amd64-cygwin\jdk8u281\880\hotspot\src\share\vm\classfile\systemDictionary.cpp, line 
Event: 5.568 Thread 0x0000022fc490c000 Exception <a 'java/lang/ClassNotFoundException': org/springframework/context/ApplicationEventPublisherAwareCustomizer> (0x000000077160de28) thrown at [C:\jenkins\workspace\8-2-build-windows-amd64-cygwin\jdk8u281\880\hotspot\src\share\vm\classfile\systemDi
Event: 5.569 Thread 0x0000022fc490c000 Exception <a 'java/lang/ClassNotFoundException': org/springframework/beans/factory/AwareCustomizer> (0x000000077162bbe0) thrown at [C:\jenkins\workspace\8-2-build-windows-amd64-cygwin\jdk8u281\880\hotspot\src\share\vm\classfile\systemDictionary.cpp, line 
Event: 5.581 Thread 0x0000022fc490c000 Exception <a 'java/lang/ClassNotFoundException': java/lang/ObjectCustomizer> (0x0000000771677ab0) thrown at [C:\jenkins\workspace\8-2-build-windows-amd64-cygwin\jdk8u281\880\hotspot\src\share\vm\classfile\systemDictionary.cpp, line 212]
Event: 5.583 Thread 0x0000022fc490c000 Exception <a 'java/lang/ClassNotFoundException': org/springframework/core/io/support/PropertiesLoaderSupportCustomizer> (0x000000077169fb88) thrown at [C:\jenkins\workspace\8-2-build-windows-amd64-cygwin\jdk8u281\880\hotspot\src\share\vm\classfile\systemD
Event: 5.584 Thread 0x0000022fc490c000 Exception <a 'java/lang/ClassNotFoundException': org/springframework/beans/factory/config/PropertiesFactoryBeanCustomizer> (0x00000007716ce8a0) thrown at [C:\jenkins\workspace\8-2-build-windows-amd64-cygwin\jdk8u281\880\hotspot\src\share\vm\classfile\syst
Event: 5.586 Thread 0x0000022fc490c000 Exception <a 'java/lang/ClassNotFoundException': org/springframework/beans/factory/FactoryBeanCustomizer> (0x0000000771703e20) thrown at [C:\jenkins\workspace\8-2-build-windows-amd64-cygwin\jdk8u281\880\hotspot\src\share\vm\classfile\systemDictionary.cpp,
Event: 5.588 Thread 0x0000022fc490c000 Exception <a 'java/lang/ClassNotFoundException': org/springframework/beans/factory/InitializingBeanCustomizer> (0x00000007717281d0) thrown at [C:\jenkins\workspace\8-2-build-windows-amd64-cygwin\jdk8u281\880\hotspot\src\share\vm\classfile\systemDictionary
Event: 5.668 Thread 0x0000022fc490c000 Implicit null exception at 0x0000022fa8b7f254 to 0x0000022fa8b7f615
Event: 5.918 Thread 0x0000022fc490c000 Implicit null exception at 0x0000022fa92cf5e7 to 0x0000022fa92cf751

Events (10 events):
Event: 6.060 loading class org/hibernate/boot/cfgxml/spi/CfgXmlAccessService
Event: 6.060 loading class org/hibernate/boot/cfgxml/spi/CfgXmlAccessService done
Event: 6.060 loading class org/hibernate/engine/config/internal/ConfigurationServiceInitiator
Event: 6.060 loading class org/hibernate/engine/config/internal/ConfigurationServiceInitiator done
Event: 6.061 loading class org/hibernate/engine/config/spi/ConfigurationService
Event: 6.061 loading class org/hibernate/engine/config/spi/ConfigurationService done
Event: 6.061 loading class org/hibernate/property/access/internal/PropertyAccessStrategyResolverInitiator
Event: 6.061 loading class org/hibernate/property/access/internal/PropertyAccessStrategyResolverInitiator done
Event: 6.062 loading class org/hibernate/property/access/spi/PropertyAccessStrategyResolver
Event: 6.062 loading class org/hibernate/property/access/spi/PropertyAccessStrategyResolver done


Dynamic libraries:
0x00007ff68c020000 - 0x00007ff68c067000 	C:\Program Files\Java\jdk1.8.0_281\bin\java.exe
0x00007ffe568d0000 - 0x00007ffe56ac8000 	C:\WINDOWS\SYSTEM32\ntdll.dll
0x00007ffe55670000 - 0x00007ffe5572d000 	C:\WINDOWS\System32\KERNEL32.DLL
0x00007ffe54300000 - 0x00007ffe545d2000 	C:\WINDOWS\System32\KERNELBASE.dll
0x00007ffe567e0000 - 0x00007ffe5688e000 	C:\WINDOWS\System32\ADVAPI32.dll
0x00007ffe55860000 - 0x00007ffe558fe000 	C:\WINDOWS\System32\msvcrt.dll
0x00007ffe566e0000 - 0x00007ffe5677c000 	C:\WINDOWS\System32\sechost.dll
0x00007ffe54c30000 - 0x00007ffe54d55000 	C:\WINDOWS\System32\RPCRT4.dll
0x00007ffe54e30000 - 0x00007ffe54fcd000 	C:\WINDOWS\System32\USER32.dll
0x00007ffe54090000 - 0x00007ffe540b2000 	C:\WINDOWS\System32\win32u.dll
0x00007ffe55c00000 - 0x00007ffe55c2b000 	C:\WINDOWS\System32\GDI32.dll
0x00007ffe540c0000 - 0x00007ffe541cf000 	C:\WINDOWS\System32\gdi32full.dll
0x00007ffe54890000 - 0x00007ffe5492d000 	C:\WINDOWS\System32\msvcp_win.dll
0x00007ffe54200000 - 0x00007ffe54300000 	C:\WINDOWS\System32\ucrtbase.dll
0x00007ffe37f70000 - 0x00007ffe3820a000 	C:\WINDOWS\WinSxS\amd64_microsoft.windows.common-controls_6595b64144ccf1df_6.0.19041.1110_none_60b5254171f9507e\COMCTL32.dll
0x00007ffe54b40000 - 0x00007ffe54b70000 	C:\WINDOWS\System32\IMM32.DLL
0x00007ffe3b4e0000 - 0x00007ffe3b4f5000 	C:\Program Files\Java\jdk1.8.0_281\jre\bin\vcruntime140.dll
0x00007ffe26470000 - 0x00007ffe2650b000 	C:\Program Files\Java\jdk1.8.0_281\jre\bin\msvcp140.dll
0x0000000073b30000 - 0x000000007438f000 	C:\Program Files\Java\jdk1.8.0_281\jre\bin\server\jvm.dll
0x00007ffe54c20000 - 0x00007ffe54c28000 	C:\WINDOWS\System32\PSAPI.DLL
0x00007ffe34be0000 - 0x00007ffe34be9000 	C:\WINDOWS\SYSTEM32\WSOCK32.dll
0x00007ffe559e0000 - 0x00007ffe55a4b000 	C:\WINDOWS\System32\WS2_32.dll
0x00007ffe3a620000 - 0x00007ffe3a647000 	C:\WINDOWS\SYSTEM32\WINMM.dll
0x00007ffe45ed0000 - 0x00007ffe45eda000 	C:\WINDOWS\SYSTEM32\VERSION.dll
0x00007ffe51f30000 - 0x00007ffe51f42000 	C:\WINDOWS\SYSTEM32\kernel.appcore.dll
0x00007ffe4f8c0000 - 0x00007ffe4f8d0000 	C:\Program Files\Java\jdk1.8.0_281\jre\bin\verify.dll
0x00007ffe37780000 - 0x00007ffe377ab000 	C:\Program Files\Java\jdk1.8.0_281\jre\bin\java.dll
0x00007ffe2e0f0000 - 0x00007ffe2e120000 	C:\Program Files\Java\jdk1.8.0_281\jre\bin\instrument.dll
0x00007ffe34c20000 - 0x00007ffe34c38000 	C:\Program Files\Java\jdk1.8.0_281\jre\bin\zip.dll
0x00007ffe55c30000 - 0x00007ffe56373000 	C:\WINDOWS\System32\SHELL32.dll
0x00007ffe520a0000 - 0x00007ffe52831000 	C:\WINDOWS\SYSTEM32\windows.storage.dll
0x00007ffe56380000 - 0x00007ffe566d4000 	C:\WINDOWS\System32\combase.dll
0x00007ffe53a40000 - 0x00007ffe53a70000 	C:\WINDOWS\SYSTEM32\Wldp.dll
0x00007ffe55080000 - 0x00007ffe5512d000 	C:\WINDOWS\System32\SHCORE.dll
0x00007ffe549b0000 - 0x00007ffe54a05000 	C:\WINDOWS\System32\shlwapi.dll
0x00007ffe53f20000 - 0x00007ffe53f3f000 	C:\WINDOWS\SYSTEM32\profapi.dll
0x00007ffe284d0000 - 0x00007ffe284ea000 	C:\Program Files\JetBrains\IntelliJ IDEA 2022.2.2\bin\breakgen64.dll
0x00007ffe30ee0000 - 0x00007ffe30efc000 	C:\Program Files\Java\jdk1.8.0_281\jre\bin\net.dll
0x00007ffe537a0000 - 0x00007ffe5380a000 	C:\WINDOWS\system32\mswsock.dll
0x00007ffe42400000 - 0x00007ffe4240d000 	C:\Program Files\Java\jdk1.8.0_281\jre\bin\management.dll
0x00007ffe24220000 - 0x00007ffe24237000 	C:\WINDOWS\system32\napinsp.dll
0x00007ffe176b0000 - 0x00007ffe176cb000 	C:\WINDOWS\system32\pnrpnsp.dll
0x00007ffe4ebf0000 - 0x00007ffe4ec05000 	C:\WINDOWS\system32\wshbth.dll
0x00007ffe4f460000 - 0x00007ffe4f47d000 	C:\WINDOWS\system32\NLAapi.dll
0x00007ffe53440000 - 0x00007ffe5347b000 	C:\WINDOWS\SYSTEM32\IPHLPAPI.DLL
0x00007ffe53490000 - 0x00007ffe5355a000 	C:\WINDOWS\SYSTEM32\DNSAPI.dll
0x00007ffe55190000 - 0x00007ffe55198000 	C:\WINDOWS\System32\NSI.dll
0x00007ffdfed10000 - 0x00007ffdfed22000 	C:\WINDOWS\System32\winrnr.dll
0x00007ffe42480000 - 0x00007ffe4248a000 	C:\Windows\System32\rasadhlp.dll
0x00007ffe414d0000 - 0x00007ffe41550000 	C:\WINDOWS\System32\fwpuclnt.dll
0x00007ffe541d0000 - 0x00007ffe541f7000 	C:\WINDOWS\System32\bcrypt.dll
0x00007ffe2f900000 - 0x00007ffe2f913000 	C:\Program Files\Java\jdk1.8.0_281\jre\bin\nio.dll
0x00007ffe53990000 - 0x00007ffe539a8000 	C:\WINDOWS\SYSTEM32\CRYPTSP.dll
0x00007ffe53050000 - 0x00007ffe53084000 	C:\WINDOWS\system32\rsaenh.dll
0x00007ffe53ea0000 - 0x00007ffe53ece000 	C:\WINDOWS\SYSTEM32\USERENV.dll
0x00007ffe54800000 - 0x00007ffe54882000 	C:\WINDOWS\System32\bcryptprimitives.dll
0x00007ffe539b0000 - 0x00007ffe539bc000 	C:\WINDOWS\SYSTEM32\CRYPTBASE.dll
0x00007ffe4ade0000 - 0x00007ffe4adf7000 	C:\WINDOWS\SYSTEM32\dhcpcsvc6.DLL
0x00007ffe4c050000 - 0x00007ffe4c06d000 	C:\WINDOWS\SYSTEM32\dhcpcsvc.DLL
0x00007ffe283a0000 - 0x00007ffe283c4000 	C:\Program Files\Java\jdk1.8.0_281\jre\bin\sunec.dll
0x00007ffe28420000 - 0x00007ffe2842d000 	C:\Program Files\Java\jdk1.8.0_281\jre\bin\sunmscapi.dll
0x00007ffe545e0000 - 0x00007ffe54736000 	C:\WINDOWS\System32\CRYPT32.dll
0x00007ffe53ab0000 - 0x00007ffe53ad7000 	C:\WINDOWS\SYSTEM32\ncrypt.dll
0x00007ffe53a70000 - 0x00007ffe53aab000 	C:\WINDOWS\SYSTEM32\NTASN1.dll
0x00007ffe51900000 - 0x00007ffe51ae4000 	C:\WINDOWS\SYSTEM32\dbghelp.dll

VM Arguments:
jvm_args: -javaagent:C:\Program Files\JetBrains\IntelliJ IDEA 2022.2.2\lib\idea_rt.jar=63655:C:\Program Files\JetBrains\IntelliJ IDEA 2022.2.2\bin -Dfile.encoding=UTF-8 
java_command: com.jmlessous.JMlessousApplication
java_class_path (initial): C:\Program Files\Java\jdk1.8.0_281\jre\lib\charsets.jar;C:\Program Files\Java\jdk1.8.0_281\jre\lib\deploy.jar;C:\Program Files\Java\jdk1.8.0_281\jre\lib\ext\access-bridge-64.jar;C:\Program Files\Java\jdk1.8.0_281\jre\lib\ext\cldrdata.jar;C:\Program Files\Java\jdk1.8.0_281\jre\lib\ext\dnsns.jar;C:\Program Files\Java\jdk1.8.0_281\jre\lib\ext\jaccess.jar;C:\Program Files\Java\jdk1.8.0_281\jre\lib\ext\jfxrt.jar;C:\Program Files\Java\jdk1.8.0_281\jre\lib\ext\localedata.jar;C:\Program Files\Java\jdk1.8.0_281\jre\lib\ext\nashorn.jar;C:\Program Files\Java\jdk1.8.0_281\jre\lib\ext\sunec.jar;C:\Program Files\Java\jdk1.8.0_281\jre\lib\ext\sunjce_provider.jar;C:\Program Files\Java\jdk1.8.0_281\jre\lib\ext\sunmscapi.jar;C:\Program Files\Java\jdk1.8.0_281\jre\lib\ext\sunpkcs11.jar;C:\Program Files\Java\jdk1.8.0_281\jre\lib\ext\zipfs.jar;C:\Program Files\Java\jdk1.8.0_281\jre\lib\javaws.jar;C:\Program Files\Java\jdk1.8.0_281\jre\lib\jce.jar;C:\Program Files\Java\jdk1.8.0_281\jre\lib\jfr.jar;C:\Program Files\Java\jdk1.8.0_281\jre\lib\jfxswt.jar;C:\Program Files\Java\jdk1.8.0_281\jre\lib\jsse.jar;C:\Program Files\Java\jdk1.8.0_281\jre\lib\management-agent.jar;C:\Program Files\Java\jdk1.8.0_281\jre\lib\plugin.jar;C:\Program Files\Java\jdk1.8.0_281\jre\lib\resources.jar;C:\Program Files\Java\jdk1.8.0_281\jre\lib\rt.jar;C:\Users\bechi\Documents\JMlessous\target\classes;C:\Users\bechi\.m2\repository\org\springframework\boot\spring-boot-starter-data-jpa\2.6.12\spring-boot-starter-data-jpa-2.6.12.jar;C:\Users\bechi\.m2\repository\org\springframework\boot\spring-boot-starter-aop\2.6.12\spring-boot-starter-aop-2.6.12.jar;C:\Users\bechi\.m2\repository\org\aspectj\aspectjweaver\1.9.7\aspectjweaver-1.9.7.jar;C:\Users\bechi\.m2\repository\org\springframework\boot\spring-boot-starter-jdbc\2.6.12\spring-boot-starter-jdbc-2.6.12.jar;C:\Users\bechi\.m2\repository\com\zaxxer\HikariCP\4.0.3\HikariCP-4.0.3.jar;C:\Users\bechi\.m2\repository\org\springframework\spring-jdbc\5
Launcher Type: SUN_STANDARD

Environment Variables:
PATH=C:\oraclexe\app\oracle\product\10.2.0\server\bin;C:\Program Files\OpenJDK\jdk-8.0.262.10-hotspot\bin;C:\oraclexe\app\oracle\product\11.2.0\server\bin;C:\Program Files (x86)\VMware\VMware Workstation\bin\;C:\Program Files (x86)\Common Files\Oracle\Java\javapath;C:\windows\system32;C:\windows;C:\windows\System32\Wbem;C:\windows\System32\WindowsPowerShell\v1.0\;C:\windows\System32\OpenSSH\;C:\Program Files (x86)\NVIDIA Corporation\PhysX\Common;C:\Program Files\NVIDIA Corporation\NVIDIA NvDLISR;C:\Program Files\Microsoft\Web Platform Installer\;C:\Program Files\Symfony;C:\WINDOWS\system32;C:\WINDOWS;C:\WINDOWS\System32\Wbem;C:\WINDOWS\System32\WindowsPowerShell\v1.0\;C:\WINDOWS\System32\OpenSSH\;C:\wamp64\bin\php\php7.4.0;C:\Program Files\Git\cmd;C:\ProgramData\ComposerSetup\bin;C:\Program Files\dotnet\;C:\Program Files\Microsoft SQL Server\130\Tools\Binn\;C:\Program Files\Microsoft SQL Server\Client SDK\ODBC\170\Tools\Binn\;C:\Program Files\nodejs\;C:\Users\bechi\AppData\Local\Programs\Python\Python310\Scripts\;C:\Users\bechi\AppData\Local\Programs\Python\Python310\;C:\Users\bechi\AppData\Local\Microsoft\WindowsApps;C:\Users\bechi\AppData\Local\ComposerSetup\bin;C:\Users\bechi\AppData\Roaming\Composer\vendor\bin;C:\Users\bechi\AppData\Local\GitHubDesktop\bin;C:\Users\bechi\AppData\Local\Programs\Microsoft VS Code\bin;C:\Users\bechi\.dotnet\tools;C:\Users\bechi\AppData\Roaming\npm
USERNAME=bechi
OS=Windows_NT
PROCESSOR_IDENTIFIER=Intel64 Family 6 Model 158 Stepping 13, GenuineIntel



---------------  S Y S T E M  ---------------

OS: Windows 10.0 , 64 bit Build 19041 (10.0.19041.1889)

CPU:total 8 (initial active 8) (4 cores per cpu, 2 threads per core) family 6 model 158 stepping 13, cmov, cx8, fxsr, mmx, sse, sse2, sse3, ssse3, sse4.1, sse4.2, popcnt, avx, avx2, aes, clmul, erms, 3dnowpref, lzcnt, ht, tsc, tscinvbit, bmi1, bmi2, adx

Memory: 4k page, physical 16614580k(4599480k free), swap 23782580k(3116k free)

vm_info: Java HotSpot(TM) 64-Bit Server VM (25.281-b09) for windows-amd64 JRE (1.8.0_281-b09), built on Dec  9 2020 13:54:07 by "" with MS VC++ 15.9 (VS2017)

time: Sun Oct 30 13:37:39 2022
timezone: Afr. centrale Ouest
elapsed time: 6.088348 seconds (0d 0h 0m 6s)

